<?xml version="1.0" encoding="UTF-8"?>
<!-- Generated by org.testng.reporters.JUnitXMLReporter -->
<testsuite ignored="0" hostname="DESKTOP-JAN6B1E" failures="0" tests="51" name="Default test" time="19.258" errors="0" timestamp="2022-10-07T19:44:04 IST">
  <testcase classname="bridgelabz.Spotify" name="delete_Remove_Playlist_items" time="3.561"/>
  <testcase classname="bridgelabz.Spotify" name="get_Album" time="0.324"/>
  <testcase classname="bridgelabz.Spotify" name="get_Album_Track" time="0.217"/>
  <testcase classname="bridgelabz.Spotify" name="get_Artist" time="0.225"/>
  <testcase classname="bridgelabz.Spotify" name="get_Artist_Album" time="0.416"/>
  <testcase classname="bridgelabz.Spotify" name="get_Artist_Top_Tracks" time="0.289"/>
  <testcase classname="bridgelabz.Spotify" name="get_AudioBook" time="0.213"/>
  <testcase classname="bridgelabz.Spotify" name="get_Avaiable_Devices" time="0.331"/>
  <testcase classname="bridgelabz.Spotify" name="get_Avaiable_Genre_Seeds" time="0.2"/>
  <testcase classname="bridgelabz.Spotify" name="get_Avaiable_Markets" time="0.216"/>
  <testcase classname="bridgelabz.Spotify" name="get_Categories_Playlists" time="0.334"/>
  <testcase classname="bridgelabz.Spotify" name="get_Chapters" time="0.231"/>
  <testcase classname="bridgelabz.Spotify" name="get_Check_Users_Saved_Shows" time="0.225"/>
  <testcase classname="bridgelabz.Spotify" name="get_Check_if_Users_follow_Playlists" time="0.423"/>
  <testcase classname="bridgelabz.Spotify" name="get_Current_User_Playlists" time="0.866"/>
  <testcase classname="bridgelabz.Spotify" name="get_Current_user_profile" time="0.35"/>
  <testcase classname="bridgelabz.Spotify" name="get_Episode" time="0.232"/>
  <testcase classname="bridgelabz.Spotify" name="get_Featured_Playlists" time="0.238"/>
  <testcase classname="bridgelabz.Spotify" name="get_New_Releases" time="0.338"/>
  <testcase classname="bridgelabz.Spotify" name="get_Play_State" time="0.219"/>
  <testcase classname="bridgelabz.Spotify" name="get_Playlists" time="0.299"/>
  <testcase classname="bridgelabz.Spotify" name="get_Playlists_Cover_Image" time="0.215"/>
  <testcase classname="bridgelabz.Spotify" name="get_Playlists_Items" time="0.241"/>
  <testcase classname="bridgelabz.Spotify" name="get_Recently_played_tracks" time="0.229"/>
  <testcase classname="bridgelabz.Spotify" name="get_Recommendations" time="0.555"/>
  <testcase classname="bridgelabz.Spotify" name="get_Related_Artists" time="0.263"/>
  <testcase classname="bridgelabz.Spotify" name="get_Several_Album" time="0.245"/>
  <testcase classname="bridgelabz.Spotify" name="get_Several_Artists" time="0.238"/>
  <testcase classname="bridgelabz.Spotify" name="get_Several_AudioBooks" time="0.239"/>
  <testcase classname="bridgelabz.Spotify" name="get_Several_Browse_Categories" time="0.226"/>
  <testcase classname="bridgelabz.Spotify" name="get_Several_Chapters" time="0.282"/>
  <testcase classname="bridgelabz.Spotify" name="get_Several_Episode" time="0.263"/>
  <testcase classname="bridgelabz.Spotify" name="get_Several_Shows" time="0.26"/>
  <testcase classname="bridgelabz.Spotify" name="get_Several_Tracks" time="0.215"/>
  <testcase classname="bridgelabz.Spotify" name="get_Show" time="0.494"/>
  <testcase classname="bridgelabz.Spotify" name="get_Show_Episodes" time="0.481"/>
  <testcase classname="bridgelabz.Spotify" name="get_Single_Browse_Categories" time="0.217"/>
  <testcase classname="bridgelabz.Spotify" name="get_Track" time="0.241"/>
  <testcase classname="bridgelabz.Spotify" name="get_Tracks_Audio_Analysis" time="1.199"/>
  <testcase classname="bridgelabz.Spotify" name="get_Tracks_Audio_Features" time="0.232"/>
  <testcase classname="bridgelabz.Spotify" name="get_Tracks_Audio_Features_id" time="0.23"/>
  <testcase classname="bridgelabz.Spotify" name="get_User_Playlists" time="0.315"/>
  <testcase classname="bridgelabz.Spotify" name="get_the_User_Queue" time="0.249"/>
  <testcase classname="bridgelabz.Spotify" name="get_user_profile" time="0.242"/>
  <testcase classname="bridgelabz.Spotify" name="post_Add_items_to_Playlist" time="0.26"/>
  <testcase classname="bridgelabz.Spotify" name="post_Create_Playlist" time="0.209"/>
  <testcase classname="bridgelabz.Spotify" name="put_Add_Custom_Playlist_Cover_Image" time="0.214"/>
  <testcase classname="bridgelabz.Spotify" name="put_Change_Playlist_details" time="0.353"/>
  <testcase classname="bridgelabz.Spotify" name="put_Transfer_Playback" time="0.201"/>
  <testcase classname="bridgelabz.Spotify" name="put_Update_Playlist_Items" time="0.25"/>
  <testcase classname="bridgelabz.Spotify" name="search_the_items" time="0.416"/>
</testsuite> <!-- Default test -->
